<?xml version="1.0" encoding="UTF-8"?>
<!-- Generated by org.testng.reporters.JUnitXMLReporter -->
<testsuite hostname="Niks" ignored="0" name="com-saucedemo-sw-5" tests="2" failures="0" timestamp="2023-05-07T15:24:22 AEST" time="7.115" errors="0">
  <testcase name="userShouldLoginSuccessfullyWithValidCredentials" time="0.214" classname="com.saucedemo.testsuite.LoginTest"/>
  <testcase name="verifyThatSixProductsAreDisplayedOnPage" time="0.246" classname="com.saucedemo.testsuite.LoginTest"/>
</testsuite> <!-- com-saucedemo-sw-5 -->
