<?xml version="1.0" encoding="UTF-8"?>
<testng-results skipped="0" failed="0" ignored="0" total="0" passed="0">
  <reporter-output>
  </reporter-output>
  <suite name="com.saucedemo.AppTest" duration-ms="5" started-at="2023-05-07T14:31:49 AEST" finished-at="2023-05-07T14:31:49 AEST">
    <groups>
    </groups>
    <test name="Command line test" duration-ms="5" started-at="2023-05-07T14:31:49 AEST" finished-at="2023-05-07T14:31:49 AEST">
    </test> <!-- Command line test -->
  </suite> <!-- com.saucedemo.AppTest -->
</testng-results>
